This file contains any messages produced by compilers while
running configure, to aid debugging if configure makes a mistake.

It was created by gerb2tiff configure 1.2, which was
generated by GNU Autoconf 2.72.  Invocation command line was

  $ ./configure CXXFLAGS=-std=c++11

## --------- ##
## Platform. ##
## --------- ##

hostname = Seohas-MacBookPro.local
uname -m = x86_64
uname -r = 24.1.0
uname -s = Darwin
uname -v = Darwin Kernel Version 24.1.0: Thu Oct 10 21:02:27 PDT 2024; root:xnu-11215.41.3~2/RELEASE_X86_64

/usr/bin/uname -p = i386
/bin/uname -X     = unknown

/bin/arch              = unknown
/usr/bin/arch -k       = unknown
/usr/convex/getsysinfo = unknown
/usr/bin/hostinfo      = Mach kernel version:
	 Darwin Kernel Version 24.1.0: Thu Oct 10 21:02:27 PDT 2024; root:xnu-11215.41.3~2/RELEASE_X86_64
Kernel configured for up to 12 processors.
6 processors are physically available.
12 processors are logically available.
Processor type: x86_64h (Intel x86-64h Haswell)
Processors active: 0 1 2 3 4 5 6 7 8 9 10 11
Primary memory available: 16.00 gigabytes
Default processor set: 736 tasks, 3216 threads, 12 processors
Load average: 2.95, Mach factor: 9.03
/bin/machine           = unknown
/usr/bin/oslevel       = unknown
/bin/universe          = unknown

PATH: /Users/kwakseoha/.nvm/versions/node/v20.15.1/bin/
PATH: /opt/anaconda3/bin/
PATH: /opt/anaconda3/condabin/
PATH: /Users/kwakseoha/Library/Java/JavaVirtualMachines/openjdk-22/Contents/Home/bin/
PATH: /Users/kwakseoha/Library/Android/sdk/platform-tools/
PATH: /Users/kwakseoha/Library/Android/sdk/emulator/
PATH: /usr/local/bin/
PATH: /System/Cryptexes/App/usr/bin/
PATH: /usr/bin/
PATH: /bin/
PATH: /usr/sbin/
PATH: /sbin/
PATH: /var/run/com.apple.security.cryptexd/codex.system/bootstrap/usr/local/bin/
PATH: /var/run/com.apple.security.cryptexd/codex.system/bootstrap/usr/bin/
PATH: /var/run/com.apple.security.cryptexd/codex.system/bootstrap/usr/appleinternal/bin/
PATH: /Library/Apple/usr/bin/


## ----------- ##
## Core tests. ##
## ----------- ##

configure:2880: looking for aux files: config.guess config.sub compile missing install-sh
configure:2893:  trying ./build-aux/
configure:2922:   ./build-aux/config.guess found
configure:2922:   ./build-aux/config.sub found
configure:2922:   ./build-aux/compile found
configure:2922:   ./build-aux/missing found
configure:2904:   ./build-aux/install-sh found
configure:3057: checking for a BSD-compatible install
configure:3131: result: /usr/bin/install -c
configure:3142: checking whether sleep supports fractional seconds
configure:3158: result: yes
configure:3161: checking filesystem timestamp resolution
configure:3296: result: 2
configure:3301: checking whether build environment is sane
configure:3342: result: yes
configure:3387: WARNING: 'missing' script is too old or missing
configure:3513: checking for a race-free mkdir -p
configure:3556: result: mkdir -p
configure:3563: checking for gawk
configure:3599: result: no
configure:3563: checking for mawk
configure:3599: result: no
configure:3563: checking for nawk
configure:3599: result: no
configure:3563: checking for awk
configure:3584: found /usr/bin/awk
configure:3596: result: awk
configure:3607: checking whether make sets $(MAKE)
configure:3631: result: yes
configure:3657: checking whether make supports nested variables
configure:3676: result: yes
configure:3690: checking xargs -n works
configure:3706: result: yes
configure:3810: checking for bison
configure:3831: found /usr/bin/bison
configure:3843: result: bison -y
configure:3925: checking for g++
configure:3946: found /usr/bin/g++
configure:3958: result: g++
configure:3985: checking for C++ compiler version
configure:3994: g++ --version >&5
Apple clang version 16.0.0 (clang-1600.0.26.6)
Target: x86_64-apple-darwin24.1.0
Thread model: posix
InstalledDir: /Applications/Xcode.app/Contents/Developer/Toolchains/XcodeDefault.xctoolchain/usr/bin
configure:4005: $? = 0
configure:3994: g++ -v >&5
Apple clang version 16.0.0 (clang-1600.0.26.6)
Target: x86_64-apple-darwin24.1.0
Thread model: posix
InstalledDir: /Applications/Xcode.app/Contents/Developer/Toolchains/XcodeDefault.xctoolchain/usr/bin
configure:4005: $? = 0
configure:3994: g++ -V >&5
clang++: error: argument to '-V' is missing (expected 1 value)
clang++: error: no input files
configure:4005: $? = 1
configure:3994: g++ -qversion >&5
clang++: error: unknown argument '-qversion'; did you mean '--version'?
clang++: error: no input files
configure:4005: $? = 1
configure:4025: checking whether the C++ compiler works
configure:4047: g++ -std=c++11   conftest.cpp  >&5
configure:4051: $? = 0
configure:4102: result: yes
configure:4106: checking for C++ compiler default output file name
configure:4108: result: a.out
configure:4114: checking for suffix of executables
configure:4121: g++ -o conftest -std=c++11   conftest.cpp  >&5
configure:4125: $? = 0
configure:4149: result: 
configure:4173: checking whether we are cross compiling
configure:4181: g++ -o conftest -std=c++11   conftest.cpp  >&5
configure:4185: $? = 0
configure:4192: ./conftest
configure:4196: $? = 0
configure:4211: result: no
configure:4217: checking for suffix of object files
configure:4240: g++ -c -std=c++11  conftest.cpp >&5
configure:4244: $? = 0
configure:4268: result: o
configure:4272: checking whether the compiler supports GNU C++
configure:4292: g++ -c -std=c++11  conftest.cpp >&5
configure:4292: $? = 0
configure:4304: result: yes
configure:4315: checking whether g++ accepts -g
configure:4336: g++ -c -g  conftest.cpp >&5
configure:4336: $? = 0
configure:4383: result: yes
configure:4403: checking for g++ option to enable C++11 features
configure:4418: g++  -c -std=c++11  conftest.cpp >&5
conftest.cpp:177:25: warning: empty parentheses interpreted as a function declaration [-Wvexing-parse]
  177 |   cxx11test::delegate d2();
      |                         ^~
conftest.cpp:177:25: note: remove parentheses to declare a variable
  177 |   cxx11test::delegate d2();
      |                         ^~
1 warning generated.
configure:4418: $? = 0
configure:4437: result: none needed
configure:4509: checking whether make supports the include directive
configure:4524: make -f confmf.GNU && cat confinc.out
this is the am__doit target
configure:4527: $? = 0
configure:4546: result: yes (GNU style)
configure:4572: checking dependency style of g++
configure:4685: result: gcc3
configure:4763: checking for gcc
configure:4784: found /usr/bin/gcc
configure:4796: result: gcc
configure:5155: checking for C compiler version
configure:5164: gcc --version >&5
Apple clang version 16.0.0 (clang-1600.0.26.6)
Target: x86_64-apple-darwin24.1.0
Thread model: posix
InstalledDir: /Applications/Xcode.app/Contents/Developer/Toolchains/XcodeDefault.xctoolchain/usr/bin
configure:5175: $? = 0
configure:5164: gcc -v >&5
Apple clang version 16.0.0 (clang-1600.0.26.6)
Target: x86_64-apple-darwin24.1.0
Thread model: posix
InstalledDir: /Applications/Xcode.app/Contents/Developer/Toolchains/XcodeDefault.xctoolchain/usr/bin
configure:5175: $? = 0
configure:5164: gcc -V >&5
clang: error: argument to '-V' is missing (expected 1 value)
clang: error: no input files
configure:5175: $? = 1
configure:5164: gcc -qversion >&5
clang: error: unknown argument '-qversion'; did you mean '--version'?
clang: error: no input files
configure:5175: $? = 1
configure:5164: gcc -version >&5
clang: error: unknown argument '-version'; did you mean '--version'?
clang: error: no input files
configure:5175: $? = 1
configure:5179: checking whether the compiler supports GNU C
configure:5199: gcc -c   conftest.c >&5
configure:5199: $? = 0
configure:5211: result: yes
configure:5222: checking whether gcc accepts -g
configure:5243: gcc -c -g  conftest.c >&5
configure:5243: $? = 0
configure:5290: result: yes
configure:5310: checking for gcc option to enable C11 features
configure:5325: gcc  -c -g -O2  conftest.c >&5
configure:5325: $? = 0
configure:5344: result: none needed
configure:5468: checking whether gcc understands -c and -o together
configure:5491: gcc -c conftest.c -o conftest2.o
configure:5494: $? = 0
configure:5491: gcc -c conftest.c -o conftest2.o
configure:5494: $? = 0
configure:5507: result: yes
configure:5526: checking dependency style of gcc
configure:5639: result: gcc3
configure:5659: checking how to run the C preprocessor
configure:5685: gcc -E  conftest.c
configure:5685: $? = 0
configure:5701: gcc -E  conftest.c
conftest.c:11:10: fatal error: 'ac_nonexistent.h' file not found
   11 | #include <ac_nonexistent.h>
      |          ^~~~~~~~~~~~~~~~~~
1 error generated.
configure:5701: $? = 1
configure: failed program was:
| /* confdefs.h */
| #define PACKAGE_NAME "gerb2tiff"
| #define PACKAGE_TARNAME "gerb2tiff"
| #define PACKAGE_VERSION "1.2"
| #define PACKAGE_STRING "gerb2tiff 1.2"
| #define PACKAGE_BUGREPORT "a_seychell@yahoo.com.au"
| #define PACKAGE_URL ""
| #define PACKAGE "gerb2tiff"
| #define VERSION "1.2"
| /* end confdefs.h.  */
| #include <ac_nonexistent.h>
configure:5730: result: gcc -E
configure:5744: gcc -E  conftest.c
configure:5744: $? = 0
configure:5760: gcc -E  conftest.c
conftest.c:11:10: fatal error: 'ac_nonexistent.h' file not found
   11 | #include <ac_nonexistent.h>
      |          ^~~~~~~~~~~~~~~~~~
1 error generated.
configure:5760: $? = 1
configure: failed program was:
| /* confdefs.h */
| #define PACKAGE_NAME "gerb2tiff"
| #define PACKAGE_TARNAME "gerb2tiff"
| #define PACKAGE_VERSION "1.2"
| #define PACKAGE_STRING "gerb2tiff 1.2"
| #define PACKAGE_BUGREPORT "a_seychell@yahoo.com.au"
| #define PACKAGE_URL ""
| #define PACKAGE "gerb2tiff"
| #define VERSION "1.2"
| /* end confdefs.h.  */
| #include <ac_nonexistent.h>
configure:5797: checking for flex
configure:5818: found /usr/bin/flex
configure:5830: result: flex
configure:5879: checking for lex output file root
configure:5892: flex conftest.l
configure:5896: $? = 0
configure:5905: result: lex.yy
configure:5920: checking for lex library
configure:5945: gcc -o conftest -g -O2   conftest.c  >&5
configure:5945: $? = 0
configure:5959: result: none needed
configure:5975: checking for library containing yywrap
configure:6011: gcc -o conftest -g -O2   conftest.c  >&5
Undefined symbols for architecture x86_64:
  "_yywrap", referenced from:
      _main in conftest-498a8b.o
ld: symbol(s) not found for architecture x86_64
clang: error: linker command failed with exit code 1 (use -v to see invocation)
configure:6011: $? = 1
configure: failed program was:
| /* confdefs.h */
| #define PACKAGE_NAME "gerb2tiff"
| #define PACKAGE_TARNAME "gerb2tiff"
| #define PACKAGE_VERSION "1.2"
| #define PACKAGE_STRING "gerb2tiff 1.2"
| #define PACKAGE_BUGREPORT "a_seychell@yahoo.com.au"
| #define PACKAGE_URL ""
| #define PACKAGE "gerb2tiff"
| #define VERSION "1.2"
| /* end confdefs.h.  */
| 
| /* Override any GCC internal prototype to avoid an error.
|    Use char because int might match the return type of a GCC
|    builtin and then its argument prototype would still apply.
|    The 'extern "C"' is for builds by C++ compilers;
|    although this is not generally supported in C code supporting it here
|    has little cost and some practical benefit (sr 110532).  */
| #ifdef __cplusplus
| extern "C"
| #endif
| char yywrap (void);
| int
| main (void)
| {
| return yywrap ();
|   ;
|   return 0;
| }
configure:6011: gcc -o conftest -g -O2   conftest.c -lfl   >&5
ld: library 'fl' not found
clang: error: linker command failed with exit code 1 (use -v to see invocation)
configure:6011: $? = 1
configure: failed program was:
| /* confdefs.h */
| #define PACKAGE_NAME "gerb2tiff"
| #define PACKAGE_TARNAME "gerb2tiff"
| #define PACKAGE_VERSION "1.2"
| #define PACKAGE_STRING "gerb2tiff 1.2"
| #define PACKAGE_BUGREPORT "a_seychell@yahoo.com.au"
| #define PACKAGE_URL ""
| #define PACKAGE "gerb2tiff"
| #define VERSION "1.2"
| /* end confdefs.h.  */
| 
| /* Override any GCC internal prototype to avoid an error.
|    Use char because int might match the return type of a GCC
|    builtin and then its argument prototype would still apply.
|    The 'extern "C"' is for builds by C++ compilers;
|    although this is not generally supported in C code supporting it here
|    has little cost and some practical benefit (sr 110532).  */
| #ifdef __cplusplus
| extern "C"
| #endif
| char yywrap (void);
| int
| main (void)
| {
| return yywrap ();
|   ;
|   return 0;
| }
configure:6011: gcc -o conftest -g -O2   conftest.c -ll   >&5
ld: warning: object file (/Library/Developer/CommandLineTools/SDKs/MacOSX15.1.sdk/usr/lib/libl.a[x86_64][3](libyywrap.o)) was built for newer 'macOS' version (15.1) than being linked (15.0)
configure:6011: $? = 0
configure:6033: result: -ll
configure:6050: checking whether yytext is a pointer
configure:6066: gcc -c -g -O2  conftest.c >&5
configure:6066: $? = 0
configure:6074: result: yes
configure:6089: checking for TIFFOpen in -ltiff
configure:6118: gcc -o conftest -g -O2   conftest.c -ltiff -lz  >&5
configure:6118: $? = 0
configure:6130: result: yes
configure:6146: checking for stdio.h
configure:6146: gcc -c -g -O2  conftest.c >&5
configure:6146: $? = 0
configure:6146: result: yes
configure:6146: checking for stdlib.h
configure:6146: gcc -c -g -O2  conftest.c >&5
configure:6146: $? = 0
configure:6146: result: yes
configure:6146: checking for string.h
configure:6146: gcc -c -g -O2  conftest.c >&5
configure:6146: $? = 0
configure:6146: result: yes
configure:6146: checking for inttypes.h
configure:6146: gcc -c -g -O2  conftest.c >&5
configure:6146: $? = 0
configure:6146: result: yes
configure:6146: checking for stdint.h
configure:6146: gcc -c -g -O2  conftest.c >&5
configure:6146: $? = 0
configure:6146: result: yes
configure:6146: checking for strings.h
configure:6146: gcc -c -g -O2  conftest.c >&5
configure:6146: $? = 0
configure:6146: result: yes
configure:6146: checking for sys/stat.h
configure:6146: gcc -c -g -O2  conftest.c >&5
configure:6146: $? = 0
configure:6146: result: yes
configure:6146: checking for sys/types.h
configure:6146: gcc -c -g -O2  conftest.c >&5
configure:6146: $? = 0
configure:6146: result: yes
configure:6146: checking for unistd.h
configure:6146: gcc -c -g -O2  conftest.c >&5
configure:6146: $? = 0
configure:6146: result: yes
configure:6171: checking for size_t
configure:6171: gcc -c -g -O2  conftest.c >&5
configure:6171: $? = 0
configure:6171: gcc -c -g -O2  conftest.c >&5
conftest.c:54:21: error: expected expression
   54 | if (sizeof ((size_t)))
      |                     ^
1 error generated.
configure:6171: $? = 1
configure: failed program was:
| /* confdefs.h */
| #define PACKAGE_NAME "gerb2tiff"
| #define PACKAGE_TARNAME "gerb2tiff"
| #define PACKAGE_VERSION "1.2"
| #define PACKAGE_STRING "gerb2tiff 1.2"
| #define PACKAGE_BUGREPORT "a_seychell@yahoo.com.au"
| #define PACKAGE_URL ""
| #define PACKAGE "gerb2tiff"
| #define VERSION "1.2"
| #define YYTEXT_POINTER 1
| #define HAVE_LIBTIFF 1
| #define HAVE_STDIO_H 1
| #define HAVE_STDLIB_H 1
| #define HAVE_STRING_H 1
| #define HAVE_INTTYPES_H 1
| #define HAVE_STDINT_H 1
| #define HAVE_STRINGS_H 1
| #define HAVE_SYS_STAT_H 1
| #define HAVE_SYS_TYPES_H 1
| #define HAVE_UNISTD_H 1
| #define STDC_HEADERS 1
| /* end confdefs.h.  */
| #include <stddef.h>
| #ifdef HAVE_STDIO_H
| # include <stdio.h>
| #endif
| #ifdef HAVE_STDLIB_H
| # include <stdlib.h>
| #endif
| #ifdef HAVE_STRING_H
| # include <string.h>
| #endif
| #ifdef HAVE_INTTYPES_H
| # include <inttypes.h>
| #endif
| #ifdef HAVE_STDINT_H
| # include <stdint.h>
| #endif
| #ifdef HAVE_STRINGS_H
| # include <strings.h>
| #endif
| #ifdef HAVE_SYS_TYPES_H
| # include <sys/types.h>
| #endif
| #ifdef HAVE_SYS_STAT_H
| # include <sys/stat.h>
| #endif
| #ifdef HAVE_UNISTD_H
| # include <unistd.h>
| #endif
| int
| main (void)
| {
| if (sizeof ((size_t)))
| 	    return 0;
|   ;
|   return 0;
| }
configure:6171: result: yes
configure:6184: checking for working alloca.h
configure:6202: gcc -o conftest -g -O2   conftest.c -ltiff  >&5
configure:6202: $? = 0
configure:6213: result: yes
configure:6221: checking for alloca
configure:6266: result: yes
configure:6335: checking for inttypes.h
configure:6335: result: yes
configure:6341: checking for libintl.h
configure:6341: gcc -c -g -O2  conftest.c >&5
configure:6341: $? = 0
configure:6341: result: yes
configure:6347: checking for limits.h
configure:6347: gcc -c -g -O2  conftest.c >&5
configure:6347: $? = 0
configure:6347: result: yes
configure:6353: checking for malloc.h
configure:6353: gcc -c -g -O2  conftest.c >&5
conftest.c:56:10: fatal error: 'malloc.h' file not found
   56 | #include <malloc.h>
      |          ^~~~~~~~~~
1 error generated.
configure:6353: $? = 1
configure: failed program was:
| /* confdefs.h */
| #define PACKAGE_NAME "gerb2tiff"
| #define PACKAGE_TARNAME "gerb2tiff"
| #define PACKAGE_VERSION "1.2"
| #define PACKAGE_STRING "gerb2tiff 1.2"
| #define PACKAGE_BUGREPORT "a_seychell@yahoo.com.au"
| #define PACKAGE_URL ""
| #define PACKAGE "gerb2tiff"
| #define VERSION "1.2"
| #define YYTEXT_POINTER 1
| #define HAVE_LIBTIFF 1
| #define HAVE_STDIO_H 1
| #define HAVE_STDLIB_H 1
| #define HAVE_STRING_H 1
| #define HAVE_INTTYPES_H 1
| #define HAVE_STDINT_H 1
| #define HAVE_STRINGS_H 1
| #define HAVE_SYS_STAT_H 1
| #define HAVE_SYS_TYPES_H 1
| #define HAVE_UNISTD_H 1
| #define STDC_HEADERS 1
| #define HAVE_ALLOCA_H 1
| #define HAVE_ALLOCA 1
| #define HAVE_INTTYPES_H 1
| #define HAVE_LIBINTL_H 1
| #define HAVE_LIMITS_H 1
| /* end confdefs.h.  */
| #include <stddef.h>
| #ifdef HAVE_STDIO_H
| # include <stdio.h>
| #endif
| #ifdef HAVE_STDLIB_H
| # include <stdlib.h>
| #endif
| #ifdef HAVE_STRING_H
| # include <string.h>
| #endif
| #ifdef HAVE_INTTYPES_H
| # include <inttypes.h>
| #endif
| #ifdef HAVE_STDINT_H
| # include <stdint.h>
| #endif
| #ifdef HAVE_STRINGS_H
| # include <strings.h>
| #endif
| #ifdef HAVE_SYS_TYPES_H
| # include <sys/types.h>
| #endif
| #ifdef HAVE_SYS_STAT_H
| # include <sys/stat.h>
| #endif
| #ifdef HAVE_UNISTD_H
| # include <unistd.h>
| #endif
| #include <malloc.h>
configure:6353: result: no
configure:6359: checking for stddef.h
configure:6359: gcc -c -g -O2  conftest.c >&5
configure:6359: $? = 0
configure:6359: result: yes
configure:6365: checking for stdlib.h
configure:6365: result: yes
configure:6371: checking for string.h
configure:6371: result: yes
configure:6377: checking for unistd.h
configure:6377: result: yes
configure:6386: checking for _Bool
configure:6386: gcc -c -g -O2  conftest.c >&5
configure:6386: $? = 0
configure:6386: gcc -c -g -O2  conftest.c >&5
conftest.c:63:20: error: expected expression
   63 | if (sizeof ((_Bool)))
      |                    ^
1 error generated.
configure:6386: $? = 1
configure: failed program was:
| /* confdefs.h */
| #define PACKAGE_NAME "gerb2tiff"
| #define PACKAGE_TARNAME "gerb2tiff"
| #define PACKAGE_VERSION "1.2"
| #define PACKAGE_STRING "gerb2tiff 1.2"
| #define PACKAGE_BUGREPORT "a_seychell@yahoo.com.au"
| #define PACKAGE_URL ""
| #define PACKAGE "gerb2tiff"
| #define VERSION "1.2"
| #define YYTEXT_POINTER 1
| #define HAVE_LIBTIFF 1
| #define HAVE_STDIO_H 1
| #define HAVE_STDLIB_H 1
| #define HAVE_STRING_H 1
| #define HAVE_INTTYPES_H 1
| #define HAVE_STDINT_H 1
| #define HAVE_STRINGS_H 1
| #define HAVE_SYS_STAT_H 1
| #define HAVE_SYS_TYPES_H 1
| #define HAVE_UNISTD_H 1
| #define STDC_HEADERS 1
| #define HAVE_ALLOCA_H 1
| #define HAVE_ALLOCA 1
| #define HAVE_INTTYPES_H 1
| #define HAVE_LIBINTL_H 1
| #define HAVE_LIMITS_H 1
| #define HAVE_STDDEF_H 1
| #define HAVE_STDLIB_H 1
| #define HAVE_STRING_H 1
| #define HAVE_UNISTD_H 1
| /* end confdefs.h.  */
| #include <stddef.h>
| #ifdef HAVE_STDIO_H
| # include <stdio.h>
| #endif
| #ifdef HAVE_STDLIB_H
| # include <stdlib.h>
| #endif
| #ifdef HAVE_STRING_H
| # include <string.h>
| #endif
| #ifdef HAVE_INTTYPES_H
| # include <inttypes.h>
| #endif
| #ifdef HAVE_STDINT_H
| # include <stdint.h>
| #endif
| #ifdef HAVE_STRINGS_H
| # include <strings.h>
| #endif
| #ifdef HAVE_SYS_TYPES_H
| # include <sys/types.h>
| #endif
| #ifdef HAVE_SYS_STAT_H
| # include <sys/stat.h>
| #endif
| #ifdef HAVE_UNISTD_H
| # include <unistd.h>
| #endif
| int
| main (void)
| {
| if (sizeof ((_Bool)))
| 	    return 0;
|   ;
|   return 0;
| }
configure:6386: result: yes
configure:6395: checking for stdbool.h that conforms to C99 or later
configure:6470: gcc -c -g -O2  conftest.c >&5
conftest.c:87:25: warning: address of 's' will always evaluate to 'true' [-Wpointer-bool-conversion]
   87 |              bool ps = &s;
      |                   ~~    ^
conftest.c:94:40: warning: address of array 'o' will always evaluate to 'true' [-Wpointer-bool-conversion]
   94 |                      + !l + !m + !n + !o + !p + !pp + !ps);
      |                                       ~^
conftest.c:94:35: warning: address of array 'n' will always evaluate to 'true' [-Wpointer-bool-conversion]
   94 |                      + !l + !m + !n + !o + !p + !pp + !ps);
      |                                  ~^
conftest.c:94:30: warning: address of array 'm' will always evaluate to 'true' [-Wpointer-bool-conversion]
   94 |                      + !l + !m + !n + !o + !p + !pp + !ps);
      |                             ~^
conftest.c:94:25: warning: address of array 'l' will always evaluate to 'true' [-Wpointer-bool-conversion]
   94 |                      + !l + !m + !n + !o + !p + !pp + !ps);
      |                        ~^
conftest.c:93:68: warning: address of array 'k' will always evaluate to 'true' [-Wpointer-bool-conversion]
   93 |              return (!b + !c + !d + !e + !f + !g + !h + !i + !j + !k
      |                                                                   ~^
conftest.c:93:63: warning: address of array 'j' will always evaluate to 'true' [-Wpointer-bool-conversion]
   93 |              return (!b + !c + !d + !e + !f + !g + !h + !i + !j + !k
      |                                                              ~^
conftest.c:93:58: warning: address of array 'i' will always evaluate to 'true' [-Wpointer-bool-conversion]
   93 |              return (!b + !c + !d + !e + !f + !g + !h + !i + !j + !k
      |                                                         ~^
conftest.c:93:33: warning: address of array 'd' will always evaluate to 'true' [-Wpointer-bool-conversion]
   93 |              return (!b + !c + !d + !e + !f + !g + !h + !i + !j + !k
      |                                ~^
conftest.c:93:28: warning: address of array 'c' will always evaluate to 'true' [-Wpointer-bool-conversion]
   93 |              return (!b + !c + !d + !e + !f + !g + !h + !i + !j + !k
      |                           ~^
conftest.c:93:23: warning: address of array 'b' will always evaluate to 'true' [-Wpointer-bool-conversion]
   93 |              return (!b + !c + !d + !e + !f + !g + !h + !i + !j + !k
      |                      ~^
11 warnings generated.
configure:6470: $? = 0
configure:6480: result: yes
configure:6489: checking for inline
configure:6506: gcc -c -g -O2  conftest.c >&5
configure:6506: $? = 0
configure:6516: result: inline
configure:6534: checking for int16_t
configure:6534: gcc -c -g -O2  conftest.c >&5
configure:6534: $? = 0
configure:6534: gcc -c -g -O2  conftest.c >&5
conftest.c:66:24: error: 'test_array' declared as an array with a negative size
   66 | static int test_array [1 - 2 * !((int16_t) (((((int16_t) 1 << N) << N) - 1) * 2 + 1)
      |                        ^~~~~~~~~~~~~~~~~~~~~~~~~~~~~~~~~~~~~~~~~~~~~~~~~~~~~~~~~~~~~
   67 |                  < (int16_t) (((((int16_t) 1 << N) << N) - 1) * 2 + 2))];
      |                  ~~~~~~~~~~~~~~~~~~~~~~~~~~~~~~~~~~~~~~~~~~~~~~~~~~~~~~
1 error generated.
configure:6534: $? = 1
configure: failed program was:
| /* confdefs.h */
| #define PACKAGE_NAME "gerb2tiff"
| #define PACKAGE_TARNAME "gerb2tiff"
| #define PACKAGE_VERSION "1.2"
| #define PACKAGE_STRING "gerb2tiff 1.2"
| #define PACKAGE_BUGREPORT "a_seychell@yahoo.com.au"
| #define PACKAGE_URL ""
| #define PACKAGE "gerb2tiff"
| #define VERSION "1.2"
| #define YYTEXT_POINTER 1
| #define HAVE_LIBTIFF 1
| #define HAVE_STDIO_H 1
| #define HAVE_STDLIB_H 1
| #define HAVE_STRING_H 1
| #define HAVE_INTTYPES_H 1
| #define HAVE_STDINT_H 1
| #define HAVE_STRINGS_H 1
| #define HAVE_SYS_STAT_H 1
| #define HAVE_SYS_TYPES_H 1
| #define HAVE_UNISTD_H 1
| #define STDC_HEADERS 1
| #define HAVE_ALLOCA_H 1
| #define HAVE_ALLOCA 1
| #define HAVE_INTTYPES_H 1
| #define HAVE_LIBINTL_H 1
| #define HAVE_LIMITS_H 1
| #define HAVE_STDDEF_H 1
| #define HAVE_STDLIB_H 1
| #define HAVE_STRING_H 1
| #define HAVE_UNISTD_H 1
| #define HAVE__BOOL 1
| #define HAVE_STDBOOL_H 1
| /* end confdefs.h.  */
| #include <stddef.h>
| #ifdef HAVE_STDIO_H
| # include <stdio.h>
| #endif
| #ifdef HAVE_STDLIB_H
| # include <stdlib.h>
| #endif
| #ifdef HAVE_STRING_H
| # include <string.h>
| #endif
| #ifdef HAVE_INTTYPES_H
| # include <inttypes.h>
| #endif
| #ifdef HAVE_STDINT_H
| # include <stdint.h>
| #endif
| #ifdef HAVE_STRINGS_H
| # include <strings.h>
| #endif
| #ifdef HAVE_SYS_TYPES_H
| # include <sys/types.h>
| #endif
| #ifdef HAVE_SYS_STAT_H
| # include <sys/stat.h>
| #endif
| #ifdef HAVE_UNISTD_H
| # include <unistd.h>
| #endif
| 	        enum { N = 16 / 2 - 1 };
| int
| main (void)
| {
| static int test_array [1 - 2 * !((int16_t) (((((int16_t) 1 << N) << N) - 1) * 2 + 1)
| 		 < (int16_t) (((((int16_t) 1 << N) << N) - 1) * 2 + 2))];
| test_array [0] = 0;
| return test_array [0];
| 
|   ;
|   return 0;
| }
configure:6534: result: yes
configure:6543: checking for int32_t
configure:6543: gcc -c -g -O2  conftest.c >&5
configure:6543: $? = 0
configure:6543: gcc -c -g -O2  conftest.c >&5
conftest.c:67:53: warning: overflow in expression; result is -2147483648 with type 'int' [-Winteger-overflow]
   67 |                  < (int32_t) (((((int32_t) 1 << N) << N) - 1) * 2 + 2))];
      |                                                                   ^
conftest.c:66:24: error: 'test_array' declared as an array with a negative size
   66 | static int test_array [1 - 2 * !((int32_t) (((((int32_t) 1 << N) << N) - 1) * 2 + 1)
      |                        ^~~~~~~~~~~~~~~~~~~~~~~~~~~~~~~~~~~~~~~~~~~~~~~~~~~~~~~~~~~~~
   67 |                  < (int32_t) (((((int32_t) 1 << N) << N) - 1) * 2 + 2))];
      |                  ~~~~~~~~~~~~~~~~~~~~~~~~~~~~~~~~~~~~~~~~~~~~~~~~~~~~~~
1 warning and 1 error generated.
configure:6543: $? = 1
configure: failed program was:
| /* confdefs.h */
| #define PACKAGE_NAME "gerb2tiff"
| #define PACKAGE_TARNAME "gerb2tiff"
| #define PACKAGE_VERSION "1.2"
| #define PACKAGE_STRING "gerb2tiff 1.2"
| #define PACKAGE_BUGREPORT "a_seychell@yahoo.com.au"
| #define PACKAGE_URL ""
| #define PACKAGE "gerb2tiff"
| #define VERSION "1.2"
| #define YYTEXT_POINTER 1
| #define HAVE_LIBTIFF 1
| #define HAVE_STDIO_H 1
| #define HAVE_STDLIB_H 1
| #define HAVE_STRING_H 1
| #define HAVE_INTTYPES_H 1
| #define HAVE_STDINT_H 1
| #define HAVE_STRINGS_H 1
| #define HAVE_SYS_STAT_H 1
| #define HAVE_SYS_TYPES_H 1
| #define HAVE_UNISTD_H 1
| #define STDC_HEADERS 1
| #define HAVE_ALLOCA_H 1
| #define HAVE_ALLOCA 1
| #define HAVE_INTTYPES_H 1
| #define HAVE_LIBINTL_H 1
| #define HAVE_LIMITS_H 1
| #define HAVE_STDDEF_H 1
| #define HAVE_STDLIB_H 1
| #define HAVE_STRING_H 1
| #define HAVE_UNISTD_H 1
| #define HAVE__BOOL 1
| #define HAVE_STDBOOL_H 1
| /* end confdefs.h.  */
| #include <stddef.h>
| #ifdef HAVE_STDIO_H
| # include <stdio.h>
| #endif
| #ifdef HAVE_STDLIB_H
| # include <stdlib.h>
| #endif
| #ifdef HAVE_STRING_H
| # include <string.h>
| #endif
| #ifdef HAVE_INTTYPES_H
| # include <inttypes.h>
| #endif
| #ifdef HAVE_STDINT_H
| # include <stdint.h>
| #endif
| #ifdef HAVE_STRINGS_H
| # include <strings.h>
| #endif
| #ifdef HAVE_SYS_TYPES_H
| # include <sys/types.h>
| #endif
| #ifdef HAVE_SYS_STAT_H
| # include <sys/stat.h>
| #endif
| #ifdef HAVE_UNISTD_H
| # include <unistd.h>
| #endif
| 	        enum { N = 32 / 2 - 1 };
| int
| main (void)
| {
| static int test_array [1 - 2 * !((int32_t) (((((int32_t) 1 << N) << N) - 1) * 2 + 1)
| 		 < (int32_t) (((((int32_t) 1 << N) << N) - 1) * 2 + 2))];
| test_array [0] = 0;
| return test_array [0];
| 
|   ;
|   return 0;
| }
configure:6543: result: yes
configure:6552: checking for int8_t
configure:6552: gcc -c -g -O2  conftest.c >&5
configure:6552: $? = 0
configure:6552: gcc -c -g -O2  conftest.c >&5
conftest.c:66:24: error: 'test_array' declared as an array with a negative size
   66 | static int test_array [1 - 2 * !((int8_t) (((((int8_t) 1 << N) << N) - 1) * 2 + 1)
      |                        ^~~~~~~~~~~~~~~~~~~~~~~~~~~~~~~~~~~~~~~~~~~~~~~~~~~~~~~~~~~
   67 |                  < (int8_t) (((((int8_t) 1 << N) << N) - 1) * 2 + 2))];
      |                  ~~~~~~~~~~~~~~~~~~~~~~~~~~~~~~~~~~~~~~~~~~~~~~~~~~~~
1 error generated.
configure:6552: $? = 1
configure: failed program was:
| /* confdefs.h */
| #define PACKAGE_NAME "gerb2tiff"
| #define PACKAGE_TARNAME "gerb2tiff"
| #define PACKAGE_VERSION "1.2"
| #define PACKAGE_STRING "gerb2tiff 1.2"
| #define PACKAGE_BUGREPORT "a_seychell@yahoo.com.au"
| #define PACKAGE_URL ""
| #define PACKAGE "gerb2tiff"
| #define VERSION "1.2"
| #define YYTEXT_POINTER 1
| #define HAVE_LIBTIFF 1
| #define HAVE_STDIO_H 1
| #define HAVE_STDLIB_H 1
| #define HAVE_STRING_H 1
| #define HAVE_INTTYPES_H 1
| #define HAVE_STDINT_H 1
| #define HAVE_STRINGS_H 1
| #define HAVE_SYS_STAT_H 1
| #define HAVE_SYS_TYPES_H 1
| #define HAVE_UNISTD_H 1
| #define STDC_HEADERS 1
| #define HAVE_ALLOCA_H 1
| #define HAVE_ALLOCA 1
| #define HAVE_INTTYPES_H 1
| #define HAVE_LIBINTL_H 1
| #define HAVE_LIMITS_H 1
| #define HAVE_STDDEF_H 1
| #define HAVE_STDLIB_H 1
| #define HAVE_STRING_H 1
| #define HAVE_UNISTD_H 1
| #define HAVE__BOOL 1
| #define HAVE_STDBOOL_H 1
| /* end confdefs.h.  */
| #include <stddef.h>
| #ifdef HAVE_STDIO_H
| # include <stdio.h>
| #endif
| #ifdef HAVE_STDLIB_H
| # include <stdlib.h>
| #endif
| #ifdef HAVE_STRING_H
| # include <string.h>
| #endif
| #ifdef HAVE_INTTYPES_H
| # include <inttypes.h>
| #endif
| #ifdef HAVE_STDINT_H
| # include <stdint.h>
| #endif
| #ifdef HAVE_STRINGS_H
| # include <strings.h>
| #endif
| #ifdef HAVE_SYS_TYPES_H
| # include <sys/types.h>
| #endif
| #ifdef HAVE_SYS_STAT_H
| # include <sys/stat.h>
| #endif
| #ifdef HAVE_UNISTD_H
| # include <unistd.h>
| #endif
| 	        enum { N = 8 / 2 - 1 };
| int
| main (void)
| {
| static int test_array [1 - 2 * !((int8_t) (((((int8_t) 1 << N) << N) - 1) * 2 + 1)
| 		 < (int8_t) (((((int8_t) 1 << N) << N) - 1) * 2 + 2))];
| test_array [0] = 0;
| return test_array [0];
| 
|   ;
|   return 0;
| }
configure:6552: result: yes
configure:6561: checking for C/C++ restrict keyword
configure:6591: gcc -c -g -O2  conftest.c >&5
configure:6591: $? = 0
configure:6601: result: __restrict__
configure:6612: checking for size_t
configure:6612: result: yes
configure:6623: checking for uint16_t
configure:6623: gcc -c -g -O2  conftest.c >&5
configure:6623: $? = 0
configure:6623: result: yes
configure:6633: checking for uint32_t
configure:6633: gcc -c -g -O2  conftest.c >&5
configure:6633: $? = 0
configure:6633: result: yes
configure:6645: checking for uint8_t
configure:6645: gcc -c -g -O2  conftest.c >&5
configure:6645: $? = 0
configure:6645: result: yes
configure:6659: checking for error_at_line
configure:6676: gcc -o conftest -g -O2   conftest.c -ltiff  >&5
conftest.c:35:10: fatal error: 'error.h' file not found
   35 | #include <error.h>
      |          ^~~~~~~~~
1 error generated.
configure:6676: $? = 1
configure: failed program was:
| /* confdefs.h */
| #define PACKAGE_NAME "gerb2tiff"
| #define PACKAGE_TARNAME "gerb2tiff"
| #define PACKAGE_VERSION "1.2"
| #define PACKAGE_STRING "gerb2tiff 1.2"
| #define PACKAGE_BUGREPORT "a_seychell@yahoo.com.au"
| #define PACKAGE_URL ""
| #define PACKAGE "gerb2tiff"
| #define VERSION "1.2"
| #define YYTEXT_POINTER 1
| #define HAVE_LIBTIFF 1
| #define HAVE_STDIO_H 1
| #define HAVE_STDLIB_H 1
| #define HAVE_STRING_H 1
| #define HAVE_INTTYPES_H 1
| #define HAVE_STDINT_H 1
| #define HAVE_STRINGS_H 1
| #define HAVE_SYS_STAT_H 1
| #define HAVE_SYS_TYPES_H 1
| #define HAVE_UNISTD_H 1
| #define STDC_HEADERS 1
| #define HAVE_ALLOCA_H 1
| #define HAVE_ALLOCA 1
| #define HAVE_INTTYPES_H 1
| #define HAVE_LIBINTL_H 1
| #define HAVE_LIMITS_H 1
| #define HAVE_STDDEF_H 1
| #define HAVE_STDLIB_H 1
| #define HAVE_STRING_H 1
| #define HAVE_UNISTD_H 1
| #define HAVE__BOOL 1
| #define HAVE_STDBOOL_H 1
| #define restrict __restrict__
| /* end confdefs.h.  */
| #include <error.h>
| int
| main (void)
| {
| error_at_line (0, 0, "", 0, "an error occurred");
|   ;
|   return 0;
| }
configure:6687: result: no
configure:6704: checking build system type
configure:6720: result: x86_64-apple-darwin24.1.0
configure:6740: checking host system type
configure:6755: result: x86_64-apple-darwin24.1.0
configure:6775: checking for GNU libc compatible malloc
configure:6807: gcc -o conftest -g -O2   conftest.c -ltiff  >&5
configure:6807: $? = 0
configure:6807: ./conftest
configure:6807: $? = 0
configure:6821: result: yes
configure:6844: checking for GNU libc compatible realloc
configure:6876: gcc -o conftest -g -O2   conftest.c -ltiff  >&5
configure:6876: $? = 0
configure:6876: ./conftest
configure:6876: $? = 0
configure:6890: result: yes
configure:6913: checking for working strtod
configure:6953: gcc -o conftest -g -O2   conftest.c -ltiff  >&5
configure:6953: $? = 0
configure:6953: ./conftest
configure:6953: $? = 0
configure:6967: result: yes
configure:7039: checking for memset
configure:7039: gcc -o conftest -g -O2   conftest.c -ltiff  >&5
conftest.c:53:6: warning: incompatible redeclaration of library function 'memset' [-Wincompatible-library-redeclaration]
   53 | char memset (void);
      |      ^
conftest.c:53:6: note: 'memset' is a builtin with type 'void *(void *, int, unsigned long)'
1 warning generated.
configure:7039: $? = 0
configure:7039: result: yes
configure:7045: checking for pow
configure:7045: gcc -o conftest -g -O2   conftest.c -ltiff  >&5
conftest.c:54:6: warning: incompatible redeclaration of library function 'pow' [-Wincompatible-library-redeclaration]
   54 | char pow (void);
      |      ^
conftest.c:54:6: note: 'pow' is a builtin with type 'double (double, double)'
1 warning generated.
configure:7045: $? = 0
configure:7045: result: yes
configure:7051: checking for sqrt
configure:7051: gcc -o conftest -g -O2   conftest.c -ltiff  >&5
conftest.c:55:6: warning: incompatible redeclaration of library function 'sqrt' [-Wincompatible-library-redeclaration]
   55 | char sqrt (void);
      |      ^
conftest.c:55:6: note: 'sqrt' is a builtin with type 'double (double)'
1 warning generated.
configure:7051: $? = 0
configure:7051: result: yes
configure:7057: checking for strchr
configure:7057: gcc -o conftest -g -O2   conftest.c -ltiff  >&5
conftest.c:56:6: warning: incompatible redeclaration of library function 'strchr' [-Wincompatible-library-redeclaration]
   56 | char strchr (void);
      |      ^
conftest.c:56:6: note: 'strchr' is a builtin with type 'char *(const char *, int)'
1 warning generated.
configure:7057: $? = 0
configure:7057: result: yes
configure:7063: checking for strrchr
configure:7063: gcc -o conftest -g -O2   conftest.c -ltiff  >&5
conftest.c:57:6: warning: incompatible redeclaration of library function 'strrchr' [-Wincompatible-library-redeclaration]
   57 | char strrchr (void);
      |      ^
conftest.c:57:6: note: 'strrchr' is a builtin with type 'char *(const char *, int)'
1 warning generated.
configure:7063: $? = 0
configure:7063: result: yes
configure:7069: checking for strstr
configure:7069: gcc -o conftest -g -O2   conftest.c -ltiff  >&5
conftest.c:58:6: warning: incompatible redeclaration of library function 'strstr' [-Wincompatible-library-redeclaration]
   58 | char strstr (void);
      |      ^
conftest.c:58:6: note: 'strstr' is a builtin with type 'char *(const char *, const char *)'
1 warning generated.
configure:7069: $? = 0
configure:7069: result: yes
configure:7189: checking that generated files are newer than configure
configure:7195: result: done
configure:7234: creating ./config.status

## ---------------------- ##
## Running config.status. ##
## ---------------------- ##

This file was extended by gerb2tiff config.status 1.2, which was
generated by GNU Autoconf 2.72.  Invocation command line was

  CONFIG_FILES    = 
  CONFIG_HEADERS  = 
  CONFIG_LINKS    = 
  CONFIG_COMMANDS = 
  $ ./config.status 

on Seohas-MacBookPro.local

config.status:896: creating Makefile
config.status:896: creating src/Makefile
config.status:896: creating src/config.h
config.status:1077: src/config.h is unchanged
config.status:1125: executing depfiles commands
config.status:1202: cd src       && sed -e '/# am--include-marker/d' Makefile         | make -f - am--depfiles
make: Nothing to be done for `am--depfiles'.
config.status:1207: $? = 0

## ---------------- ##
## Cache variables. ##
## ---------------- ##

ac_cv_build=x86_64-apple-darwin24.1.0
ac_cv_c_compiler_gnu=yes
ac_cv_c_inline=inline
ac_cv_c_int16_t=yes
ac_cv_c_int32_t=yes
ac_cv_c_int8_t=yes
ac_cv_c_restrict=__restrict__
ac_cv_c_uint16_t=yes
ac_cv_c_uint32_t=yes
ac_cv_c_uint8_t=yes
ac_cv_cxx_compiler_gnu=yes
ac_cv_env_CCC_set=
ac_cv_env_CCC_value=
ac_cv_env_CC_set=
ac_cv_env_CC_value=
ac_cv_env_CFLAGS_set=
ac_cv_env_CFLAGS_value=
ac_cv_env_CPPFLAGS_set=
ac_cv_env_CPPFLAGS_value=
ac_cv_env_CPP_set=
ac_cv_env_CPP_value=
ac_cv_env_CXXFLAGS_set=set
ac_cv_env_CXXFLAGS_value=-std=c++11
ac_cv_env_CXX_set=
ac_cv_env_CXX_value=
ac_cv_env_LDFLAGS_set=
ac_cv_env_LDFLAGS_value=
ac_cv_env_LIBS_set=
ac_cv_env_LIBS_value=
ac_cv_env_YACC_set=
ac_cv_env_YACC_value=
ac_cv_env_YFLAGS_set=
ac_cv_env_YFLAGS_value=
ac_cv_env_build_alias_set=
ac_cv_env_build_alias_value=
ac_cv_env_host_alias_set=
ac_cv_env_host_alias_value=
ac_cv_env_target_alias_set=
ac_cv_env_target_alias_value=
ac_cv_func_alloca_works=yes
ac_cv_func_malloc_0_nonnull=yes
ac_cv_func_memset=yes
ac_cv_func_pow=yes
ac_cv_func_realloc_0_nonnull=yes
ac_cv_func_sqrt=yes
ac_cv_func_strchr=yes
ac_cv_func_strrchr=yes
ac_cv_func_strstr=yes
ac_cv_func_strtod=yes
ac_cv_header_inttypes_h=yes
ac_cv_header_libintl_h=yes
ac_cv_header_limits_h=yes
ac_cv_header_malloc_h=no
ac_cv_header_stdbool_h=yes
ac_cv_header_stddef_h=yes
ac_cv_header_stdint_h=yes
ac_cv_header_stdio_h=yes
ac_cv_header_stdlib_h=yes
ac_cv_header_string_h=yes
ac_cv_header_strings_h=yes
ac_cv_header_sys_stat_h=yes
ac_cv_header_sys_types_h=yes
ac_cv_header_unistd_h=yes
ac_cv_host=x86_64-apple-darwin24.1.0
ac_cv_lib_error_at_line=no
ac_cv_lib_lex='none needed'
ac_cv_lib_tiff_TIFFOpen=yes
ac_cv_objext=o
ac_cv_path_install='/usr/bin/install -c'
ac_cv_prog_AWK=awk
ac_cv_prog_CPP='gcc -E'
ac_cv_prog_LEX=flex
ac_cv_prog_YACC='bison -y'
ac_cv_prog_ac_ct_CC=gcc
ac_cv_prog_ac_ct_CXX=g++
ac_cv_prog_cc_c11=
ac_cv_prog_cc_g=yes
ac_cv_prog_cc_stdc=
ac_cv_prog_cxx_cxx11=
ac_cv_prog_cxx_g=yes
ac_cv_prog_cxx_stdcxx=
ac_cv_prog_lex_root=lex.yy
ac_cv_prog_lex_yytext_pointer=yes
ac_cv_prog_make_make_set=yes
ac_cv_search_yywrap=-ll
ac_cv_type__Bool=yes
ac_cv_type_size_t=yes
ac_cv_working_alloca_h=yes
am_cv_CC_dependencies_compiler_type=gcc3
am_cv_CXX_dependencies_compiler_type=gcc3
am_cv_filesystem_timestamp_resolution=2
am_cv_make_support_nested_variables=yes
am_cv_prog_cc_c_o=yes
am_cv_sleep_fractional_seconds=yes
am_cv_xargs_n_works=yes

## ----------------- ##
## Output variables. ##
## ----------------- ##

ACLOCAL='aclocal-1.17'
ALLOCA=''
AMDEPBACKSLASH='\'
AMDEP_FALSE='#'
AMDEP_TRUE=''
AMTAR='$${TAR-tar}'
AM_BACKSLASH='\'
AM_DEFAULT_V='$(AM_DEFAULT_VERBOSITY)'
AM_DEFAULT_VERBOSITY='1'
AM_V='$(V)'
AUTOCONF='autoconf'
AUTOHEADER='autoheader'
AUTOMAKE='automake-1.17'
AWK='awk'
CC='gcc'
CCDEPMODE='depmode=gcc3'
CFLAGS='-g -O2'
CPP='gcc -E'
CPPFLAGS=''
CSCOPE='cscope'
CTAGS='ctags'
CXX='g++'
CXXDEPMODE='depmode=gcc3'
CXXFLAGS='-std=c++11'
CYGPATH_W='echo'
DEFS='-DHAVE_CONFIG_H'
DEPDIR='.deps'
ECHO_C='\c'
ECHO_N=''
ECHO_T=''
ETAGS='etags'
EXEEXT=''
INSTALL_DATA='${INSTALL} -m 644'
INSTALL_PROGRAM='${INSTALL}'
INSTALL_SCRIPT='${INSTALL}'
INSTALL_STRIP_PROGRAM='$(install_sh) -c -s'
LDFLAGS=''
LEX='flex'
LEXLIB='-ll '
LEX_OUTPUT_ROOT='lex.yy'
LIBOBJS=' ${LIBOBJDIR}error$U.o'
LIBS='-ltiff '
LTLIBOBJS=' ${LIBOBJDIR}error$U.lo'
MAKEINFO='makeinfo'
MKDIR_P='mkdir -p'
OBJEXT='o'
PACKAGE='gerb2tiff'
PACKAGE_BUGREPORT='a_seychell@yahoo.com.au'
PACKAGE_NAME='gerb2tiff'
PACKAGE_STRING='gerb2tiff 1.2'
PACKAGE_TARNAME='gerb2tiff'
PACKAGE_URL=''
PACKAGE_VERSION='1.2'
PATH_SEPARATOR=':'
POW_LIB=''
SET_MAKE=''
SHELL='/bin/sh'
STRIP=''
VERSION='1.2'
YACC='bison -y'
YFLAGS=''
ac_ct_CC='gcc'
ac_ct_CXX='g++'
am__EXEEXT_FALSE=''
am__EXEEXT_TRUE='#'
am__fastdepCC_FALSE='#'
am__fastdepCC_TRUE=''
am__fastdepCXX_FALSE='#'
am__fastdepCXX_TRUE=''
am__include='include'
am__isrc=''
am__leading_dot='.'
am__nodep='_no'
am__quote=''
am__rm_f_notfound=''
am__tar='$${TAR-tar} chof - "$$tardir"'
am__untar='$${TAR-tar} xf -'
am__xargs_n='xargs -n'
bindir='${exec_prefix}/bin'
build='x86_64-apple-darwin24.1.0'
build_alias=''
build_cpu='x86_64'
build_os='darwin24.1.0'
build_vendor='apple'
datadir='${datarootdir}'
datarootdir='${prefix}/share'
docdir='${datarootdir}/doc/${PACKAGE_TARNAME}'
dvidir='${docdir}'
exec_prefix='${prefix}'
host='x86_64-apple-darwin24.1.0'
host_alias=''
host_cpu='x86_64'
host_os='darwin24.1.0'
host_vendor='apple'
htmldir='${docdir}'
includedir='${prefix}/include'
infodir='${datarootdir}/info'
install_sh='${SHELL} /Users/kwakseoha/Downloads/gerb2tiff-master/gerb2tiff/build-aux/install-sh'
libdir='${exec_prefix}/lib'
libexecdir='${exec_prefix}/libexec'
localedir='${datarootdir}/locale'
localstatedir='${prefix}/var'
mandir='${datarootdir}/man'
mkdir_p='$(MKDIR_P)'
oldincludedir='/usr/include'
pdfdir='${docdir}'
prefix='/usr/local'
program_transform_name='s,x,x,'
psdir='${docdir}'
runstatedir='${localstatedir}/run'
sbindir='${exec_prefix}/sbin'
sharedstatedir='${prefix}/com'
sysconfdir='${prefix}/etc'
target_alias=''

## ----------- ##
## confdefs.h. ##
## ----------- ##

/* confdefs.h */
#define PACKAGE_NAME "gerb2tiff"
#define PACKAGE_TARNAME "gerb2tiff"
#define PACKAGE_VERSION "1.2"
#define PACKAGE_STRING "gerb2tiff 1.2"
#define PACKAGE_BUGREPORT "a_seychell@yahoo.com.au"
#define PACKAGE_URL ""
#define PACKAGE "gerb2tiff"
#define VERSION "1.2"
#define YYTEXT_POINTER 1
#define HAVE_LIBTIFF 1
#define HAVE_STDIO_H 1
#define HAVE_STDLIB_H 1
#define HAVE_STRING_H 1
#define HAVE_INTTYPES_H 1
#define HAVE_STDINT_H 1
#define HAVE_STRINGS_H 1
#define HAVE_SYS_STAT_H 1
#define HAVE_SYS_TYPES_H 1
#define HAVE_UNISTD_H 1
#define STDC_HEADERS 1
#define HAVE_ALLOCA_H 1
#define HAVE_ALLOCA 1
#define HAVE_INTTYPES_H 1
#define HAVE_LIBINTL_H 1
#define HAVE_LIMITS_H 1
#define HAVE_STDDEF_H 1
#define HAVE_STDLIB_H 1
#define HAVE_STRING_H 1
#define HAVE_UNISTD_H 1
#define HAVE__BOOL 1
#define HAVE_STDBOOL_H 1
#define restrict __restrict__
#define HAVE_MALLOC 1
#define HAVE_REALLOC 1
#define HAVE_MEMSET 1
#define HAVE_POW 1
#define HAVE_SQRT 1
#define HAVE_STRCHR 1
#define HAVE_STRRCHR 1
#define HAVE_STRSTR 1

configure: exit 0
